{"/Users/zhangzhichao/work/df-work/pregalaxyer/transi18n/src/utils/fs.js": {"path":"/Users/zhangzhichao/work/df-work/pregalaxyer/transi18n/src/utils/fs.js","statementMap":{"0":{"start":{"line":1,"column":11},"end":{"line":1,"column":24}},"1":{"start":{"line":2,"column":13},"end":{"line":2,"column":28}},"2":{"start":{"line":3,"column":14},"end":{"line":3,"column":32}},"3":{"start":{"line":4,"column":12},"end":{"line":4,"column":26}},"4":{"start":{"line":5,"column":0},"end":{"line":18,"column":2}},"5":{"start":{"line":17,"column":2},"end":{"line":17,"column":40}},"6":{"start":{"line":19,"column":0},"end":{"line":25,"column":2}},"7":{"start":{"line":23,"column":12},"end":{"line":23,"column":47}},"8":{"start":{"line":24,"column":2},"end":{"line":24,"column":31}},"9":{"start":{"line":29,"column":14},"end":{"line":29,"column":16}},"10":{"start":{"line":30,"column":2},"end":{"line":43,"column":3}},"11":{"start":{"line":31,"column":4},"end":{"line":31,"column":33}},"12":{"start":{"line":32,"column":4},"end":{"line":41,"column":7}},"13":{"start":{"line":33,"column":20},"end":{"line":33,"column":37}},"14":{"start":{"line":34,"column":6},"end":{"line":40,"column":7}},"15":{"start":{"line":36,"column":8},"end":{"line":36,"column":27}},"16":{"start":{"line":39,"column":8},"end":{"line":39,"column":31}},"17":{"start":{"line":42,"column":4},"end":{"line":42,"column":23}},"18":{"start":{"line":46,"column":0},"end":{"line":46,"column":30}},"19":{"start":{"line":49,"column":14},"end":{"line":49,"column":16}},"20":{"start":{"line":50,"column":16},"end":{"line":50,"column":18}},"21":{"start":{"line":51,"column":2},"end":{"line":72,"column":3}},"22":{"start":{"line":52,"column":4},"end":{"line":52,"column":33}},"23":{"start":{"line":53,"column":4},"end":{"line":67,"column":7}},"24":{"start":{"line":54,"column":6},"end":{"line":66,"column":7}},"25":{"start":{"line":55,"column":27},"end":{"line":55,"column":74}},"26":{"start":{"line":56,"column":18},"end":{"line":60,"column":17}},"27":{"start":{"line":61,"column":20},"end":{"line":64,"column":9}},"28":{"start":{"line":65,"column":8},"end":{"line":65,"column":28}},"29":{"start":{"line":69,"column":4},"end":{"line":69,"column":19}},"30":{"start":{"line":71,"column":4},"end":{"line":71,"column":41}},"31":{"start":{"line":75,"column":0},"end":{"line":75,"column":36}},"32":{"start":{"line":78,"column":14},"end":{"line":78,"column":42}},"33":{"start":{"line":79,"column":18},"end":{"line":79,"column":20}},"34":{"start":{"line":80,"column":17},"end":{"line":80,"column":19}},"35":{"start":{"line":82,"column":2},"end":{"line":101,"column":3}},"36":{"start":{"line":83,"column":4},"end":{"line":83,"column":34}},"37":{"start":{"line":84,"column":4},"end":{"line":84,"column":28}},"38":{"start":{"line":85,"column":4},"end":{"line":85,"column":27}},"39":{"start":{"line":86,"column":4},"end":{"line":91,"column":7}},"40":{"start":{"line":87,"column":6},"end":{"line":89,"column":7}},"41":{"start":{"line":88,"column":8},"end":{"line":88,"column":54}},"42":{"start":{"line":90,"column":6},"end":{"line":90,"column":29}},"43":{"start":{"line":93,"column":4},"end":{"line":93,"column":33}},"44":{"start":{"line":94,"column":4},"end":{"line":94,"column":27}},"45":{"start":{"line":95,"column":4},"end":{"line":100,"column":7}},"46":{"start":{"line":96,"column":6},"end":{"line":98,"column":7}},"47":{"start":{"line":97,"column":8},"end":{"line":97,"column":53}},"48":{"start":{"line":99,"column":6},"end":{"line":99,"column":28}},"49":{"start":{"line":105,"column":2},"end":{"line":105,"column":14}},"50":{"start":{"line":106,"column":2},"end":{"line":106,"column":55}},"51":{"start":{"line":108,"column":0},"end":{"line":108,"column":30}},"52":{"start":{"line":111,"column":2},"end":{"line":111,"column":68}},"53":{"start":{"line":113,"column":0},"end":{"line":113,"column":24}},"54":{"start":{"line":117,"column":19},"end":{"line":117,"column":39}},"55":{"start":{"line":119,"column":18},"end":{"line":119,"column":51}},"56":{"start":{"line":120,"column":4},"end":{"line":120,"column":51}},"57":{"start":{"line":121,"column":4},"end":{"line":123,"column":7}},"58":{"start":{"line":122,"column":6},"end":{"line":122,"column":44}},"59":{"start":{"line":125,"column":19},"end":{"line":125,"column":37}},"60":{"start":{"line":126,"column":4},"end":{"line":126,"column":22}},"61":{"start":{"line":127,"column":20},"end":{"line":127,"column":38}},"62":{"start":{"line":128,"column":4},"end":{"line":128,"column":23}},"63":{"start":{"line":131,"column":15},"end":{"line":131,"column":39}},"64":{"start":{"line":133,"column":2},"end":{"line":135,"column":5}},"65":{"start":{"line":134,"column":4},"end":{"line":134,"column":21}},"66":{"start":{"line":137,"column":2},"end":{"line":137,"column":36}},"67":{"start":{"line":139,"column":2},"end":{"line":139,"column":40}},"68":{"start":{"line":142,"column":0},"end":{"line":142,"column":30}},"69":{"start":{"line":146,"column":19},"end":{"line":146,"column":39}},"70":{"start":{"line":147,"column":2},"end":{"line":147,"column":72}},"71":{"start":{"line":148,"column":2},"end":{"line":148,"column":28}},"72":{"start":{"line":149,"column":2},"end":{"line":149,"column":45}},"73":{"start":{"line":150,"column":2},"end":{"line":173,"column":5}},"74":{"start":{"line":151,"column":19},"end":{"line":151,"column":41}},"75":{"start":{"line":152,"column":19},"end":{"line":152,"column":41}},"76":{"start":{"line":153,"column":20},"end":{"line":153,"column":22}},"77":{"start":{"line":154,"column":20},"end":{"line":154,"column":22}},"78":{"start":{"line":155,"column":4},"end":{"line":157,"column":7}},"79":{"start":{"line":156,"column":6},"end":{"line":156,"column":59}},"80":{"start":{"line":158,"column":4},"end":{"line":160,"column":7}},"81":{"start":{"line":159,"column":6},"end":{"line":159,"column":59}},"82":{"start":{"line":161,"column":18},"end":{"line":161,"column":20}},"83":{"start":{"line":162,"column":4},"end":{"line":164,"column":7}},"84":{"start":{"line":163,"column":6},"end":{"line":163,"column":36}},"85":{"start":{"line":165,"column":17},"end":{"line":171,"column":5}},"86":{"start":{"line":172,"column":4},"end":{"line":172,"column":52}},"87":{"start":{"line":175,"column":0},"end":{"line":175,"column":30}}},"fnMap":{"0":{"name":"(anonymous_0)","decl":{"start":{"line":5,"column":24},"end":{"line":5,"column":25}},"loc":{"start":{"line":5,"column":36},"end":{"line":18,"column":1}},"line":5},"1":{"name":"(anonymous_1)","decl":{"start":{"line":19,"column":25},"end":{"line":19,"column":26}},"loc":{"start":{"line":19,"column":38},"end":{"line":25,"column":1}},"line":19},"2":{"name":"deleteall","decl":{"start":{"line":28,"column":9},"end":{"line":28,"column":18}},"loc":{"start":{"line":28,"column":25},"end":{"line":44,"column":1}},"line":28},"3":{"name":"(anonymous_3)","decl":{"start":{"line":32,"column":18},"end":{"line":32,"column":19}},"loc":{"start":{"line":32,"column":34},"end":{"line":41,"column":5}},"line":32},"4":{"name":"readLocaleJs","decl":{"start":{"line":48,"column":9},"end":{"line":48,"column":21}},"loc":{"start":{"line":48,"column":28},"end":{"line":73,"column":1}},"line":48},"5":{"name":"(anonymous_5)","decl":{"start":{"line":53,"column":18},"end":{"line":53,"column":19}},"loc":{"start":{"line":53,"column":28},"end":{"line":67,"column":5}},"line":53},"6":{"name":"mkdir","decl":{"start":{"line":77,"column":9},"end":{"line":77,"column":14}},"loc":{"start":{"line":77,"column":22},"end":{"line":102,"column":1}},"line":77},"7":{"name":"(anonymous_7)","decl":{"start":{"line":86,"column":18},"end":{"line":86,"column":19}},"loc":{"start":{"line":86,"column":33},"end":{"line":91,"column":5}},"line":86},"8":{"name":"(anonymous_8)","decl":{"start":{"line":95,"column":18},"end":{"line":95,"column":19}},"loc":{"start":{"line":95,"column":33},"end":{"line":100,"column":5}},"line":95},"9":{"name":"writeFile","decl":{"start":{"line":104,"column":9},"end":{"line":104,"column":18}},"loc":{"start":{"line":104,"column":44},"end":{"line":107,"column":1}},"line":104},"10":{"name":"isNull","decl":{"start":{"line":110,"column":9},"end":{"line":110,"column":15}},"loc":{"start":{"line":110,"column":24},"end":{"line":112,"column":1}},"line":110},"11":{"name":"jsToExcel","decl":{"start":{"line":116,"column":9},"end":{"line":116,"column":18}},"loc":{"start":{"line":116,"column":45},"end":{"line":140,"column":1}},"line":116},"12":{"name":"createSheet","decl":{"start":{"line":118,"column":11},"end":{"line":118,"column":22}},"loc":{"start":{"line":118,"column":30},"end":{"line":129,"column":3}},"line":118},"13":{"name":"(anonymous_13)","decl":{"start":{"line":121,"column":33},"end":{"line":121,"column":34}},"loc":{"start":{"line":121,"column":42},"end":{"line":123,"column":5}},"line":121},"14":{"name":"(anonymous_14)","decl":{"start":{"line":133,"column":13},"end":{"line":133,"column":14}},"loc":{"start":{"line":133,"column":22},"end":{"line":135,"column":3}},"line":133},"15":{"name":"excelToJs","decl":{"start":{"line":145,"column":15},"end":{"line":145,"column":24}},"loc":{"start":{"line":145,"column":53},"end":{"line":174,"column":1}},"line":145},"16":{"name":"(anonymous_16)","decl":{"start":{"line":150,"column":21},"end":{"line":150,"column":22}},"loc":{"start":{"line":150,"column":42},"end":{"line":173,"column":3}},"line":150},"17":{"name":"(anonymous_17)","decl":{"start":{"line":155,"column":44},"end":{"line":155,"column":45}},"loc":{"start":{"line":155,"column":60},"end":{"line":157,"column":5}},"line":155},"18":{"name":"(anonymous_18)","decl":{"start":{"line":158,"column":44},"end":{"line":158,"column":45}},"loc":{"start":{"line":158,"column":60},"end":{"line":160,"column":5}},"line":158},"19":{"name":"(anonymous_19)","decl":{"start":{"line":162,"column":18},"end":{"line":162,"column":19}},"loc":{"start":{"line":162,"column":32},"end":{"line":164,"column":5}},"line":162}},"branchMap":{"0":{"loc":{"start":{"line":30,"column":2},"end":{"line":43,"column":3}},"type":"if","locations":[{"start":{"line":30,"column":2},"end":{"line":43,"column":3}},{"start":{},"end":{}}],"line":30},"1":{"loc":{"start":{"line":34,"column":6},"end":{"line":40,"column":7}},"type":"if","locations":[{"start":{"line":34,"column":6},"end":{"line":40,"column":7}},{"start":{"line":37,"column":13},"end":{"line":40,"column":7}}],"line":34},"2":{"loc":{"start":{"line":51,"column":2},"end":{"line":72,"column":3}},"type":"if","locations":[{"start":{"line":51,"column":2},"end":{"line":72,"column":3}},{"start":{"line":70,"column":9},"end":{"line":72,"column":3}}],"line":51},"3":{"loc":{"start":{"line":54,"column":6},"end":{"line":66,"column":7}},"type":"if","locations":[{"start":{"line":54,"column":6},"end":{"line":66,"column":7}},{"start":{},"end":{}}],"line":54},"4":{"loc":{"start":{"line":82,"column":2},"end":{"line":101,"column":3}},"type":"if","locations":[{"start":{"line":82,"column":2},"end":{"line":101,"column":3}},{"start":{"line":92,"column":9},"end":{"line":101,"column":3}}],"line":82},"5":{"loc":{"start":{"line":87,"column":6},"end":{"line":89,"column":7}},"type":"if","locations":[{"start":{"line":87,"column":6},"end":{"line":89,"column":7}},{"start":{},"end":{}}],"line":87},"6":{"loc":{"start":{"line":96,"column":6},"end":{"line":98,"column":7}},"type":"if","locations":[{"start":{"line":96,"column":6},"end":{"line":98,"column":7}},{"start":{},"end":{}}],"line":96},"7":{"loc":{"start":{"line":156,"column":21},"end":{"line":156,"column":57}},"type":"cond-expr","locations":[{"start":{"line":156,"column":42},"end":{"line":156,"column":44}},{"start":{"line":156,"column":47},"end":{"line":156,"column":57}}],"line":156},"8":{"loc":{"start":{"line":159,"column":21},"end":{"line":159,"column":57}},"type":"cond-expr","locations":[{"start":{"line":159,"column":42},"end":{"line":159,"column":44}},{"start":{"line":159,"column":47},"end":{"line":159,"column":57}}],"line":159}},"s":{"0":1,"1":1,"2":1,"3":1,"4":1,"5":12,"6":1,"7":0,"8":0,"9":0,"10":0,"11":0,"12":0,"13":0,"14":0,"15":0,"16":0,"17":0,"18":1,"19":0,"20":0,"21":0,"22":0,"23":0,"24":0,"25":0,"26":0,"27":0,"28":0,"29":0,"30":0,"31":1,"32":0,"33":0,"34":0,"35":0,"36":0,"37":0,"38":0,"39":0,"40":0,"41":0,"42":0,"43":0,"44":0,"45":0,"46":0,"47":0,"48":0,"49":0,"50":0,"51":1,"52":0,"53":1,"54":0,"55":0,"56":0,"57":0,"58":0,"59":0,"60":0,"61":0,"62":0,"63":0,"64":0,"65":0,"66":0,"67":0,"68":1,"69":1,"70":1,"71":1,"72":1,"73":0,"74":0,"75":0,"76":0,"77":0,"78":0,"79":0,"80":0,"81":0,"82":0,"83":0,"84":0,"85":0,"86":0,"87":1},"f":{"0":12,"1":0,"2":0,"3":0,"4":0,"5":0,"6":0,"7":0,"8":0,"9":0,"10":0,"11":0,"12":0,"13":0,"14":0,"15":1,"16":0,"17":0,"18":0,"19":0},"b":{"0":[0,0],"1":[0,0],"2":[0,0],"3":[0,0],"4":[0,0],"5":[0,0],"6":[0,0],"7":[0,0],"8":[0,0]},"_coverageSchema":"1a1c01bbd47fc00a2c39e90264f33305004495a9","hash":"8b37446f62aa337da98bafbc809b9d2edcf461b4"}
}
