{"/Users/zhangzhichao/work/df-work/pregalaxyer/transi18n/src/utils/fs.js": {"path":"/Users/zhangzhichao/work/df-work/pregalaxyer/transi18n/src/utils/fs.js","statementMap":{"0":{"start":{"line":1,"column":11},"end":{"line":1,"column":24}},"1":{"start":{"line":2,"column":13},"end":{"line":2,"column":28}},"2":{"start":{"line":3,"column":14},"end":{"line":3,"column":32}},"3":{"start":{"line":4,"column":12},"end":{"line":4,"column":26}},"4":{"start":{"line":5,"column":0},"end":{"line":15,"column":2}},"5":{"start":{"line":6,"column":2},"end":{"line":13,"column":3}},"6":{"start":{"line":7,"column":4},"end":{"line":11,"column":5}},"7":{"start":{"line":8,"column":6},"end":{"line":8,"column":63}},"8":{"start":{"line":9,"column":11},"end":{"line":11,"column":5}},"9":{"start":{"line":10,"column":6},"end":{"line":10,"column":63}},"10":{"start":{"line":12,"column":4},"end":{"line":12,"column":74}},"11":{"start":{"line":14,"column":2},"end":{"line":14,"column":40}},"12":{"start":{"line":16,"column":0},"end":{"line":22,"column":1}},"13":{"start":{"line":17,"column":2},"end":{"line":19,"column":3}},"14":{"start":{"line":18,"column":6},"end":{"line":18,"column":14}},"15":{"start":{"line":20,"column":12},"end":{"line":20,"column":47}},"16":{"start":{"line":21,"column":2},"end":{"line":21,"column":31}},"17":{"start":{"line":27,"column":14},"end":{"line":27,"column":16}},"18":{"start":{"line":28,"column":2},"end":{"line":39,"column":3}},"19":{"start":{"line":29,"column":4},"end":{"line":29,"column":33}},"20":{"start":{"line":30,"column":4},"end":{"line":37,"column":7}},"21":{"start":{"line":31,"column":20},"end":{"line":31,"column":37}},"22":{"start":{"line":32,"column":6},"end":{"line":36,"column":7}},"23":{"start":{"line":33,"column":8},"end":{"line":33,"column":27}},"24":{"start":{"line":35,"column":8},"end":{"line":35,"column":31}},"25":{"start":{"line":38,"column":4},"end":{"line":38,"column":23}},"26":{"start":{"line":42,"column":0},"end":{"line":42,"column":29}},"27":{"start":{"line":45,"column":14},"end":{"line":45,"column":16}},"28":{"start":{"line":46,"column":16},"end":{"line":46,"column":18}},"29":{"start":{"line":47,"column":2},"end":{"line":65,"column":3}},"30":{"start":{"line":48,"column":4},"end":{"line":48,"column":33}},"31":{"start":{"line":49,"column":4},"end":{"line":59,"column":6}},"32":{"start":{"line":50,"column":6},"end":{"line":58,"column":7}},"33":{"start":{"line":51,"column":27},"end":{"line":51,"column":74}},"34":{"start":{"line":52,"column":18},"end":{"line":52,"column":83}},"35":{"start":{"line":53,"column":20},"end":{"line":56,"column":9}},"36":{"start":{"line":57,"column":8},"end":{"line":57,"column":27}},"37":{"start":{"line":61,"column":4},"end":{"line":61,"column":18}},"38":{"start":{"line":64,"column":4},"end":{"line":64,"column":40}},"39":{"start":{"line":68,"column":0},"end":{"line":68,"column":35}},"40":{"start":{"line":71,"column":14},"end":{"line":71,"column":42}},"41":{"start":{"line":72,"column":17},"end":{"line":72,"column":19}},"42":{"start":{"line":73,"column":17},"end":{"line":73,"column":19}},"43":{"start":{"line":75,"column":2},"end":{"line":95,"column":3}},"44":{"start":{"line":76,"column":4},"end":{"line":76,"column":33}},"45":{"start":{"line":77,"column":4},"end":{"line":77,"column":27}},"46":{"start":{"line":78,"column":4},"end":{"line":78,"column":25}},"47":{"start":{"line":79,"column":4},"end":{"line":84,"column":6}},"48":{"start":{"line":80,"column":6},"end":{"line":82,"column":7}},"49":{"start":{"line":81,"column":8},"end":{"line":81,"column":53}},"50":{"start":{"line":83,"column":6},"end":{"line":83,"column":27}},"51":{"start":{"line":87,"column":4},"end":{"line":87,"column":32}},"52":{"start":{"line":88,"column":4},"end":{"line":88,"column":25}},"53":{"start":{"line":89,"column":4},"end":{"line":94,"column":6}},"54":{"start":{"line":90,"column":6},"end":{"line":92,"column":7}},"55":{"start":{"line":91,"column":8},"end":{"line":91,"column":52}},"56":{"start":{"line":93,"column":6},"end":{"line":93,"column":26}},"57":{"start":{"line":99,"column":2},"end":{"line":99,"column":13}},"58":{"start":{"line":100,"column":2},"end":{"line":100,"column":55}},"59":{"start":{"line":102,"column":0},"end":{"line":102,"column":29}},"60":{"start":{"line":105,"column":2},"end":{"line":105,"column":67}},"61":{"start":{"line":107,"column":0},"end":{"line":107,"column":23}},"62":{"start":{"line":111,"column":19},"end":{"line":111,"column":39}},"63":{"start":{"line":113,"column":18},"end":{"line":113,"column":51}},"64":{"start":{"line":114,"column":4},"end":{"line":116,"column":6}},"65":{"start":{"line":117,"column":4},"end":{"line":119,"column":6}},"66":{"start":{"line":118,"column":6},"end":{"line":118,"column":44}},"67":{"start":{"line":121,"column":19},"end":{"line":121,"column":37}},"68":{"start":{"line":122,"column":4},"end":{"line":122,"column":22}},"69":{"start":{"line":123,"column":20},"end":{"line":123,"column":38}},"70":{"start":{"line":124,"column":4},"end":{"line":124,"column":23}},"71":{"start":{"line":127,"column":15},"end":{"line":127,"column":39}},"72":{"start":{"line":129,"column":2},"end":{"line":131,"column":4}},"73":{"start":{"line":130,"column":4},"end":{"line":130,"column":20}},"74":{"start":{"line":133,"column":2},"end":{"line":133,"column":35}},"75":{"start":{"line":135,"column":2},"end":{"line":135,"column":40}},"76":{"start":{"line":138,"column":0},"end":{"line":138,"column":29}},"77":{"start":{"line":142,"column":19},"end":{"line":142,"column":39}},"78":{"start":{"line":143,"column":2},"end":{"line":143,"column":71}},"79":{"start":{"line":144,"column":2},"end":{"line":144,"column":27}},"80":{"start":{"line":145,"column":2},"end":{"line":145,"column":44}},"81":{"start":{"line":146,"column":2},"end":{"line":168,"column":5}},"82":{"start":{"line":147,"column":19},"end":{"line":147,"column":41}},"83":{"start":{"line":148,"column":19},"end":{"line":148,"column":41}},"84":{"start":{"line":149,"column":20},"end":{"line":149,"column":22}},"85":{"start":{"line":150,"column":20},"end":{"line":150,"column":22}},"86":{"start":{"line":151,"column":4},"end":{"line":153,"column":7}},"87":{"start":{"line":152,"column":6},"end":{"line":152,"column":58}},"88":{"start":{"line":154,"column":4},"end":{"line":156,"column":7}},"89":{"start":{"line":155,"column":6},"end":{"line":155,"column":59}},"90":{"start":{"line":157,"column":18},"end":{"line":157,"column":20}},"91":{"start":{"line":158,"column":4},"end":{"line":160,"column":6}},"92":{"start":{"line":159,"column":6},"end":{"line":159,"column":35}},"93":{"start":{"line":162,"column":13},"end":{"line":165,"column":43}},"94":{"start":{"line":167,"column":4},"end":{"line":167,"column":51}},"95":{"start":{"line":170,"column":0},"end":{"line":170,"column":29}}},"fnMap":{"0":{"name":"(anonymous_0)","decl":{"start":{"line":5,"column":24},"end":{"line":5,"column":25}},"loc":{"start":{"line":5,"column":46},"end":{"line":15,"column":1}},"line":5},"1":{"name":"(anonymous_1)","decl":{"start":{"line":16,"column":25},"end":{"line":16,"column":26}},"loc":{"start":{"line":16,"column":38},"end":{"line":22,"column":1}},"line":16},"2":{"name":"deleteall","decl":{"start":{"line":26,"column":9},"end":{"line":26,"column":18}},"loc":{"start":{"line":26,"column":25},"end":{"line":40,"column":1}},"line":26},"3":{"name":"(anonymous_3)","decl":{"start":{"line":30,"column":18},"end":{"line":30,"column":19}},"loc":{"start":{"line":30,"column":40},"end":{"line":37,"column":5}},"line":30},"4":{"name":"readLocaleJs","decl":{"start":{"line":44,"column":9},"end":{"line":44,"column":21}},"loc":{"start":{"line":44,"column":28},"end":{"line":66,"column":1}},"line":44},"5":{"name":"(anonymous_5)","decl":{"start":{"line":49,"column":18},"end":{"line":49,"column":19}},"loc":{"start":{"line":49,"column":35},"end":{"line":59,"column":5}},"line":49},"6":{"name":"mkdir","decl":{"start":{"line":70,"column":9},"end":{"line":70,"column":14}},"loc":{"start":{"line":70,"column":22},"end":{"line":96,"column":1}},"line":70},"7":{"name":"(anonymous_7)","decl":{"start":{"line":79,"column":18},"end":{"line":79,"column":19}},"loc":{"start":{"line":79,"column":43},"end":{"line":84,"column":5}},"line":79},"8":{"name":"(anonymous_8)","decl":{"start":{"line":89,"column":18},"end":{"line":89,"column":19}},"loc":{"start":{"line":89,"column":43},"end":{"line":94,"column":5}},"line":89},"9":{"name":"writeFile","decl":{"start":{"line":98,"column":9},"end":{"line":98,"column":18}},"loc":{"start":{"line":98,"column":44},"end":{"line":101,"column":1}},"line":98},"10":{"name":"isNull","decl":{"start":{"line":104,"column":9},"end":{"line":104,"column":15}},"loc":{"start":{"line":104,"column":24},"end":{"line":106,"column":1}},"line":104},"11":{"name":"jsToExcel","decl":{"start":{"line":110,"column":9},"end":{"line":110,"column":18}},"loc":{"start":{"line":110,"column":45},"end":{"line":136,"column":1}},"line":110},"12":{"name":"createSheet","decl":{"start":{"line":112,"column":11},"end":{"line":112,"column":22}},"loc":{"start":{"line":112,"column":30},"end":{"line":125,"column":3}},"line":112},"13":{"name":"(anonymous_13)","decl":{"start":{"line":117,"column":33},"end":{"line":117,"column":34}},"loc":{"start":{"line":117,"column":52},"end":{"line":119,"column":5}},"line":117},"14":{"name":"(anonymous_14)","decl":{"start":{"line":129,"column":13},"end":{"line":129,"column":14}},"loc":{"start":{"line":129,"column":27},"end":{"line":131,"column":3}},"line":129},"15":{"name":"excelToJs","decl":{"start":{"line":141,"column":15},"end":{"line":141,"column":24}},"loc":{"start":{"line":141,"column":52},"end":{"line":169,"column":1}},"line":141},"16":{"name":"(anonymous_16)","decl":{"start":{"line":146,"column":21},"end":{"line":146,"column":22}},"loc":{"start":{"line":146,"column":51},"end":{"line":168,"column":3}},"line":146},"17":{"name":"(anonymous_17)","decl":{"start":{"line":151,"column":44},"end":{"line":151,"column":45}},"loc":{"start":{"line":151,"column":70},"end":{"line":153,"column":5}},"line":151},"18":{"name":"(anonymous_18)","decl":{"start":{"line":154,"column":44},"end":{"line":154,"column":45}},"loc":{"start":{"line":154,"column":70},"end":{"line":156,"column":5}},"line":154},"19":{"name":"(anonymous_19)","decl":{"start":{"line":158,"column":18},"end":{"line":158,"column":19}},"loc":{"start":{"line":158,"column":37},"end":{"line":160,"column":5}},"line":158}},"branchMap":{"0":{"loc":{"start":{"line":6,"column":2},"end":{"line":13,"column":3}},"type":"if","locations":[{"start":{"line":6,"column":2},"end":{"line":13,"column":3}},{"start":{},"end":{}}],"line":6},"1":{"loc":{"start":{"line":7,"column":4},"end":{"line":11,"column":5}},"type":"if","locations":[{"start":{"line":7,"column":4},"end":{"line":11,"column":5}},{"start":{"line":9,"column":11},"end":{"line":11,"column":5}}],"line":7},"2":{"loc":{"start":{"line":9,"column":11},"end":{"line":11,"column":5}},"type":"if","locations":[{"start":{"line":9,"column":11},"end":{"line":11,"column":5}},{"start":{},"end":{}}],"line":9},"3":{"loc":{"start":{"line":17,"column":2},"end":{"line":19,"column":3}},"type":"if","locations":[{"start":{"line":17,"column":2},"end":{"line":19,"column":3}},{"start":{},"end":{}}],"line":17},"4":{"loc":{"start":{"line":28,"column":2},"end":{"line":39,"column":3}},"type":"if","locations":[{"start":{"line":28,"column":2},"end":{"line":39,"column":3}},{"start":{},"end":{}}],"line":28},"5":{"loc":{"start":{"line":32,"column":6},"end":{"line":36,"column":7}},"type":"if","locations":[{"start":{"line":32,"column":6},"end":{"line":36,"column":7}},{"start":{"line":34,"column":13},"end":{"line":36,"column":7}}],"line":32},"6":{"loc":{"start":{"line":47,"column":2},"end":{"line":65,"column":3}},"type":"if","locations":[{"start":{"line":47,"column":2},"end":{"line":65,"column":3}},{"start":{"line":63,"column":9},"end":{"line":65,"column":3}}],"line":47},"7":{"loc":{"start":{"line":50,"column":6},"end":{"line":58,"column":7}},"type":"if","locations":[{"start":{"line":50,"column":6},"end":{"line":58,"column":7}},{"start":{},"end":{}}],"line":50},"8":{"loc":{"start":{"line":75,"column":2},"end":{"line":95,"column":3}},"type":"if","locations":[{"start":{"line":75,"column":2},"end":{"line":95,"column":3}},{"start":{"line":86,"column":9},"end":{"line":95,"column":3}}],"line":75},"9":{"loc":{"start":{"line":80,"column":6},"end":{"line":82,"column":7}},"type":"if","locations":[{"start":{"line":80,"column":6},"end":{"line":82,"column":7}},{"start":{},"end":{}}],"line":80},"10":{"loc":{"start":{"line":90,"column":6},"end":{"line":92,"column":7}},"type":"if","locations":[{"start":{"line":90,"column":6},"end":{"line":92,"column":7}},{"start":{},"end":{}}],"line":90},"11":{"loc":{"start":{"line":152,"column":21},"end":{"line":152,"column":57}},"type":"cond-expr","locations":[{"start":{"line":152,"column":42},"end":{"line":152,"column":44}},{"start":{"line":152,"column":47},"end":{"line":152,"column":57}}],"line":152},"12":{"loc":{"start":{"line":155,"column":21},"end":{"line":155,"column":57}},"type":"cond-expr","locations":[{"start":{"line":155,"column":42},"end":{"line":155,"column":44}},{"start":{"line":155,"column":47},"end":{"line":155,"column":57}}],"line":155}},"s":{"0":1,"1":1,"2":1,"3":1,"4":1,"5":15,"6":0,"7":0,"8":0,"9":0,"10":0,"11":15,"12":1,"13":0,"14":0,"15":0,"16":0,"17":0,"18":0,"19":0,"20":0,"21":0,"22":0,"23":0,"24":0,"25":0,"26":1,"27":1,"28":1,"29":1,"30":1,"31":1,"32":0,"33":0,"34":0,"35":0,"36":0,"37":1,"38":0,"39":1,"40":1,"41":1,"42":1,"43":1,"44":0,"45":0,"46":0,"47":0,"48":0,"49":0,"50":0,"51":1,"52":1,"53":1,"54":8,"55":0,"56":8,"57":0,"58":0,"59":1,"60":0,"61":1,"62":1,"63":0,"64":0,"65":0,"66":0,"67":0,"68":0,"69":0,"70":0,"71":1,"72":1,"73":0,"74":1,"75":1,"76":1,"77":1,"78":1,"79":1,"80":1,"81":0,"82":0,"83":0,"84":0,"85":0,"86":0,"87":0,"88":0,"89":0,"90":0,"91":0,"92":0,"93":0,"94":0,"95":1},"f":{"0":15,"1":0,"2":0,"3":0,"4":1,"5":0,"6":1,"7":0,"8":8,"9":0,"10":0,"11":1,"12":0,"13":0,"14":0,"15":1,"16":0,"17":0,"18":0,"19":0},"b":{"0":[0,15],"1":[0,0],"2":[0,0],"3":[0,0],"4":[0,0],"5":[0,0],"6":[1,0],"7":[0,0],"8":[0,1],"9":[0,0],"10":[0,8],"11":[0,0],"12":[0,0]},"_coverageSchema":"1a1c01bbd47fc00a2c39e90264f33305004495a9","hash":"5d110c8adde1e85ec38e050e994e96f199a68e8b"}
}
