TN:
SF:src/utils/fs.js
FN:5,(anonymous_0)
FN:16,(anonymous_1)
FN:26,deleteall
FN:30,(anonymous_3)
FN:44,readLocaleJs
FN:49,(anonymous_5)
FN:70,mkdir
FN:79,(anonymous_7)
FN:89,(anonymous_8)
FN:98,writeFile
FN:104,isNull
FN:110,jsToExcel
FN:112,createSheet
FN:117,(anonymous_13)
FN:129,(anonymous_14)
FN:141,excelToJs
FN:146,(anonymous_16)
FN:151,(anonymous_17)
FN:154,(anonymous_18)
FN:158,(anonymous_19)
FNF:20
FNH:6
FNDA:15,(anonymous_0)
FNDA:0,(anonymous_1)
FNDA:0,deleteall
FNDA:0,(anonymous_3)
FNDA:1,readLocaleJs
FNDA:0,(anonymous_5)
FNDA:1,mkdir
FNDA:0,(anonymous_7)
FNDA:8,(anonymous_8)
FNDA:0,writeFile
FNDA:0,isNull
FNDA:1,jsToExcel
FNDA:0,createSheet
FNDA:0,(anonymous_13)
FNDA:0,(anonymous_14)
FNDA:1,excelToJs
FNDA:0,(anonymous_16)
FNDA:0,(anonymous_17)
FNDA:0,(anonymous_18)
FNDA:0,(anonymous_19)
DA:1,1
DA:2,1
DA:3,1
DA:4,1
DA:5,1
DA:6,15
DA:7,0
DA:8,0
DA:9,0
DA:10,0
DA:12,0
DA:14,15
DA:16,1
DA:17,0
DA:18,0
DA:20,0
DA:21,0
DA:27,0
DA:28,0
DA:29,0
DA:30,0
DA:31,0
DA:32,0
DA:33,0
DA:35,0
DA:38,0
DA:42,1
DA:45,1
DA:46,1
DA:47,1
DA:48,1
DA:49,1
DA:50,0
DA:51,0
DA:52,0
DA:53,0
DA:57,0
DA:61,1
DA:64,0
DA:68,1
DA:71,1
DA:72,1
DA:73,1
DA:75,1
DA:76,0
DA:77,0
DA:78,0
DA:79,0
DA:80,0
DA:81,0
DA:83,0
DA:87,1
DA:88,1
DA:89,1
DA:90,8
DA:91,0
DA:93,8
DA:99,0
DA:100,0
DA:102,1
DA:105,0
DA:107,1
DA:111,1
DA:113,0
DA:114,0
DA:117,0
DA:118,0
DA:121,0
DA:122,0
DA:123,0
DA:124,0
DA:127,1
DA:129,1
DA:130,0
DA:133,1
DA:135,1
DA:138,1
DA:142,1
DA:143,1
DA:144,1
DA:145,1
DA:146,0
DA:147,0
DA:148,0
DA:149,0
DA:150,0
DA:151,0
DA:152,0
DA:154,0
DA:155,0
DA:157,0
DA:158,0
DA:159,0
DA:162,0
DA:167,0
DA:170,1
LF:96
LH:38
BRDA:6,0,0,0
BRDA:6,0,1,15
BRDA:7,1,0,0
BRDA:7,1,1,0
BRDA:9,2,0,0
BRDA:9,2,1,0
BRDA:17,3,0,0
BRDA:17,3,1,0
BRDA:28,4,0,0
BRDA:28,4,1,0
BRDA:32,5,0,0
BRDA:32,5,1,0
BRDA:47,6,0,1
BRDA:47,6,1,0
BRDA:50,7,0,0
BRDA:50,7,1,0
BRDA:75,8,0,0
BRDA:75,8,1,1
BRDA:80,9,0,0
BRDA:80,9,1,0
BRDA:90,10,0,0
BRDA:90,10,1,8
BRDA:152,11,0,0
BRDA:152,11,1,0
BRDA:155,12,0,0
BRDA:155,12,1,0
BRF:26
BRH:4
end_of_record
