TN:
SF:src/utils/fs.js
FN:5,(anonymous_0)
FN:19,(anonymous_1)
FN:28,deleteall
FN:32,(anonymous_3)
FN:48,readLocaleJs
FN:53,(anonymous_5)
FN:77,mkdir
FN:86,(anonymous_7)
FN:95,(anonymous_8)
FN:104,writeFile
FN:110,isNull
FN:116,jsToExcel
FN:118,createSheet
FN:121,(anonymous_13)
FN:133,(anonymous_14)
FN:145,excelToJs
FN:150,(anonymous_16)
FN:155,(anonymous_17)
FN:158,(anonymous_18)
FN:162,(anonymous_19)
FNF:20
FNH:2
FNDA:12,(anonymous_0)
FNDA:0,(anonymous_1)
FNDA:0,deleteall
FNDA:0,(anonymous_3)
FNDA:0,readLocaleJs
FNDA:0,(anonymous_5)
FNDA:0,mkdir
FNDA:0,(anonymous_7)
FNDA:0,(anonymous_8)
FNDA:0,writeFile
FNDA:0,isNull
FNDA:0,jsToExcel
FNDA:0,createSheet
FNDA:0,(anonymous_13)
FNDA:0,(anonymous_14)
FNDA:1,excelToJs
FNDA:0,(anonymous_16)
FNDA:0,(anonymous_17)
FNDA:0,(anonymous_18)
FNDA:0,(anonymous_19)
DA:1,1
DA:2,1
DA:3,1
DA:4,1
DA:5,1
DA:17,12
DA:19,1
DA:23,0
DA:24,0
DA:29,0
DA:30,0
DA:31,0
DA:32,0
DA:33,0
DA:34,0
DA:36,0
DA:39,0
DA:42,0
DA:46,1
DA:49,0
DA:50,0
DA:51,0
DA:52,0
DA:53,0
DA:54,0
DA:55,0
DA:56,0
DA:61,0
DA:65,0
DA:69,0
DA:71,0
DA:75,1
DA:78,0
DA:79,0
DA:80,0
DA:82,0
DA:83,0
DA:84,0
DA:85,0
DA:86,0
DA:87,0
DA:88,0
DA:90,0
DA:93,0
DA:94,0
DA:95,0
DA:96,0
DA:97,0
DA:99,0
DA:105,0
DA:106,0
DA:108,1
DA:111,0
DA:113,1
DA:117,0
DA:119,0
DA:120,0
DA:121,0
DA:122,0
DA:125,0
DA:126,0
DA:127,0
DA:128,0
DA:131,0
DA:133,0
DA:134,0
DA:137,0
DA:139,0
DA:142,1
DA:146,1
DA:147,1
DA:148,1
DA:149,1
DA:150,0
DA:151,0
DA:152,0
DA:153,0
DA:154,0
DA:155,0
DA:156,0
DA:158,0
DA:159,0
DA:161,0
DA:162,0
DA:163,0
DA:165,0
DA:172,0
DA:175,1
LF:88
LH:17
BRDA:30,0,0,0
BRDA:30,0,1,0
BRDA:34,1,0,0
BRDA:34,1,1,0
BRDA:51,2,0,0
BRDA:51,2,1,0
BRDA:54,3,0,0
BRDA:54,3,1,0
BRDA:82,4,0,0
BRDA:82,4,1,0
BRDA:87,5,0,0
BRDA:87,5,1,0
BRDA:96,6,0,0
BRDA:96,6,1,0
BRDA:156,7,0,0
BRDA:156,7,1,0
BRDA:159,8,0,0
BRDA:159,8,1,0
BRF:18
BRH:0
end_of_record
